Determining if the include file malloc/malloc.h exists failed with the following output:
Change Dir: /home/yuaii/ollvm/llvm-project-9.0.1/llvm/cmake-build-debug/CMakeFiles/CMakeTmp

Run Build Command(s):/home/yuaii/clion-2022.2.4/bin/ninja/linux/ninja cmTC_f5385 && [1/2] Building C object CMakeFiles/cmTC_f5385.dir/CheckIncludeFile.c.o
FAILED: CMakeFiles/cmTC_f5385.dir/CheckIncludeFile.c.o 
/usr/bin/cc    -o CMakeFiles/cmTC_f5385.dir/CheckIncludeFile.c.o -c /home/yuaii/ollvm/llvm-project-9.0.1/llvm/cmake-build-debug/CMakeFiles/CMakeTmp/CheckIncludeFile.c
/home/yuaii/ollvm/llvm-project-9.0.1/llvm/cmake-build-debug/CMakeFiles/CMakeTmp/CheckIncludeFile.c:1:10: fatal error: malloc/malloc.h: 没有那个文件或目录
    1 | #include <malloc/malloc.h>
      |          ^~~~~~~~~~~~~~~~~
compilation terminated.
ninja: build stopped: subcommand failed.



Determining if the include file valgrind/valgrind.h exists failed with the following output:
Change Dir: /home/yuaii/ollvm/llvm-project-9.0.1/llvm/cmake-build-debug/CMakeFiles/CMakeTmp

Run Build Command(s):/home/yuaii/clion-2022.2.4/bin/ninja/linux/ninja cmTC_5031f && [1/2] Building C object CMakeFiles/cmTC_5031f.dir/CheckIncludeFile.c.o
FAILED: CMakeFiles/cmTC_5031f.dir/CheckIncludeFile.c.o 
/usr/bin/cc    -o CMakeFiles/cmTC_5031f.dir/CheckIncludeFile.c.o -c /home/yuaii/ollvm/llvm-project-9.0.1/llvm/cmake-build-debug/CMakeFiles/CMakeTmp/CheckIncludeFile.c
/home/yuaii/ollvm/llvm-project-9.0.1/llvm/cmake-build-debug/CMakeFiles/CMakeTmp/CheckIncludeFile.c:1:10: fatal error: valgrind/valgrind.h: 没有那个文件或目录
    1 | #include <valgrind/valgrind.h>
      |          ^~~~~~~~~~~~~~~~~~~~~
compilation terminated.
ninja: build stopped: subcommand failed.



Determining if the include file mach/mach.h exists failed with the following output:
Change Dir: /home/yuaii/ollvm/llvm-project-9.0.1/llvm/cmake-build-debug/CMakeFiles/CMakeTmp

Run Build Command(s):/home/yuaii/clion-2022.2.4/bin/ninja/linux/ninja cmTC_43f30 && [1/2] Building C object CMakeFiles/cmTC_43f30.dir/CheckIncludeFile.c.o
FAILED: CMakeFiles/cmTC_43f30.dir/CheckIncludeFile.c.o 
/usr/bin/cc    -o CMakeFiles/cmTC_43f30.dir/CheckIncludeFile.c.o -c /home/yuaii/ollvm/llvm-project-9.0.1/llvm/cmake-build-debug/CMakeFiles/CMakeTmp/CheckIncludeFile.c
/home/yuaii/ollvm/llvm-project-9.0.1/llvm/cmake-build-debug/CMakeFiles/CMakeTmp/CheckIncludeFile.c:1:10: fatal error: mach/mach.h: 没有那个文件或目录
    1 | #include <mach/mach.h>
      |          ^~~~~~~~~~~~~
compilation terminated.
ninja: build stopped: subcommand failed.



Determining if the include file histedit.h exists failed with the following output:
Change Dir: /home/yuaii/ollvm/llvm-project-9.0.1/llvm/cmake-build-debug/CMakeFiles/CMakeTmp

Run Build Command(s):/home/yuaii/clion-2022.2.4/bin/ninja/linux/ninja cmTC_4987c && [1/2] Building C object CMakeFiles/cmTC_4987c.dir/CheckIncludeFile.c.o
FAILED: CMakeFiles/cmTC_4987c.dir/CheckIncludeFile.c.o 
/usr/bin/cc    -o CMakeFiles/cmTC_4987c.dir/CheckIncludeFile.c.o -c /home/yuaii/ollvm/llvm-project-9.0.1/llvm/cmake-build-debug/CMakeFiles/CMakeTmp/CheckIncludeFile.c
/home/yuaii/ollvm/llvm-project-9.0.1/llvm/cmake-build-debug/CMakeFiles/CMakeTmp/CheckIncludeFile.c:1:10: fatal error: histedit.h: 没有那个文件或目录
    1 | #include <histedit.h>
      |          ^~~~~~~~~~~~
compilation terminated.
ninja: build stopped: subcommand failed.



Determining if the include file CrashReporterClient.h exists failed with the following output:
Change Dir: /home/yuaii/ollvm/llvm-project-9.0.1/llvm/cmake-build-debug/CMakeFiles/CMakeTmp

Run Build Command(s):/home/yuaii/clion-2022.2.4/bin/ninja/linux/ninja cmTC_d0329 && [1/2] Building C object CMakeFiles/cmTC_d0329.dir/CheckIncludeFile.c.o
FAILED: CMakeFiles/cmTC_d0329.dir/CheckIncludeFile.c.o 
/usr/bin/cc    -o CMakeFiles/cmTC_d0329.dir/CheckIncludeFile.c.o -c /home/yuaii/ollvm/llvm-project-9.0.1/llvm/cmake-build-debug/CMakeFiles/CMakeTmp/CheckIncludeFile.c
/home/yuaii/ollvm/llvm-project-9.0.1/llvm/cmake-build-debug/CMakeFiles/CMakeTmp/CheckIncludeFile.c:1:10: fatal error: CrashReporterClient.h: 没有那个文件或目录
    1 | #include <CrashReporterClient.h>
      |          ^~~~~~~~~~~~~~~~~~~~~~~
compilation terminated.
ninja: build stopped: subcommand failed.



Determining if the function pfm_initialize exists in the pfm failed with the following output:
Change Dir: /home/yuaii/ollvm/llvm-project-9.0.1/llvm/cmake-build-debug/CMakeFiles/CMakeTmp

Run Build Command(s):/home/yuaii/clion-2022.2.4/bin/ninja/linux/ninja cmTC_01e4f && [1/2] Building C object CMakeFiles/cmTC_01e4f.dir/CheckFunctionExists.c.o
[2/2] Linking C executable cmTC_01e4f
FAILED: cmTC_01e4f 
: && /usr/bin/cc -DCHECK_FUNCTION_EXISTS=pfm_initialize  CMakeFiles/cmTC_01e4f.dir/CheckFunctionExists.c.o -o cmTC_01e4f  -lpfm  -lm && :
/usr/bin/ld: 找不到 -lpfm
collect2: error: ld returned 1 exit status
ninja: build stopped: subcommand failed.



Performing C SOURCE FILE Test CMAKE_HAVE_LIBC_PTHREAD failed with the following output:
Change Dir: /home/yuaii/ollvm/llvm-project-9.0.1/llvm/cmake-build-debug/CMakeFiles/CMakeTmp

Run Build Command(s):/home/yuaii/clion-2022.2.4/bin/ninja/linux/ninja cmTC_2bcf3 && [1/2] Building C object CMakeFiles/cmTC_2bcf3.dir/src.c.o
[2/2] Linking C executable cmTC_2bcf3
FAILED: cmTC_2bcf3 
: && /usr/bin/cc   CMakeFiles/cmTC_2bcf3.dir/src.c.o -o cmTC_2bcf3  -lm && :
/usr/bin/ld: CMakeFiles/cmTC_2bcf3.dir/src.c.o: in function `main':
src.c:(.text+0x46): undefined reference to `pthread_create'
/usr/bin/ld: src.c:(.text+0x52): undefined reference to `pthread_detach'
/usr/bin/ld: src.c:(.text+0x5e): undefined reference to `pthread_cancel'
/usr/bin/ld: src.c:(.text+0x6f): undefined reference to `pthread_join'
collect2: error: ld returned 1 exit status
ninja: build stopped: subcommand failed.


Source file was:
#include <pthread.h>

static void* test_func(void* data)
{
  return data;
}

int main(void)
{
  pthread_t thread;
  pthread_create(&thread, NULL, test_func, NULL);
  pthread_detach(thread);
  pthread_cancel(thread);
  pthread_join(thread, NULL);
  pthread_atfork(NULL, NULL, NULL);
  pthread_exit(NULL);

  return 0;
}

Determining if the function pthread_create exists in the pthreads failed with the following output:
Change Dir: /home/yuaii/ollvm/llvm-project-9.0.1/llvm/cmake-build-debug/CMakeFiles/CMakeTmp

Run Build Command(s):/home/yuaii/clion-2022.2.4/bin/ninja/linux/ninja cmTC_c3ea6 && [1/2] Building C object CMakeFiles/cmTC_c3ea6.dir/CheckFunctionExists.c.o
[2/2] Linking C executable cmTC_c3ea6
FAILED: cmTC_c3ea6 
: && /usr/bin/cc -DCHECK_FUNCTION_EXISTS=pthread_create  CMakeFiles/cmTC_c3ea6.dir/CheckFunctionExists.c.o -o cmTC_c3ea6  -lpthreads  -lm && :
/usr/bin/ld: 找不到 -lpthreads
collect2: error: ld returned 1 exit status
ninja: build stopped: subcommand failed.



Determining if the function setupterm exists in the terminfo failed with the following output:
Change Dir: /home/yuaii/ollvm/llvm-project-9.0.1/llvm/cmake-build-debug/CMakeFiles/CMakeTmp

Run Build Command(s):/home/yuaii/clion-2022.2.4/bin/ninja/linux/ninja cmTC_9709f && [1/2] Building C object CMakeFiles/cmTC_9709f.dir/CheckFunctionExists.c.o
[2/2] Linking C executable cmTC_9709f
FAILED: cmTC_9709f 
: && /usr/bin/cc -DCHECK_FUNCTION_EXISTS=setupterm  CMakeFiles/cmTC_9709f.dir/CheckFunctionExists.c.o -o cmTC_9709f  -lterminfo  -lm && :
/usr/bin/ld: 找不到 -lterminfo
collect2: error: ld returned 1 exit status
ninja: build stopped: subcommand failed.



Determining if the function setupterm exists in the tinfo failed with the following output:
Change Dir: /home/yuaii/ollvm/llvm-project-9.0.1/llvm/cmake-build-debug/CMakeFiles/CMakeTmp

Run Build Command(s):/home/yuaii/clion-2022.2.4/bin/ninja/linux/ninja cmTC_efb55 && [1/2] Building C object CMakeFiles/cmTC_efb55.dir/CheckFunctionExists.c.o
[2/2] Linking C executable cmTC_efb55
FAILED: cmTC_efb55 
: && /usr/bin/cc -DCHECK_FUNCTION_EXISTS=setupterm  CMakeFiles/cmTC_efb55.dir/CheckFunctionExists.c.o -o cmTC_efb55  -ltinfo  -lm && :
/usr/bin/ld: 找不到 -ltinfo
collect2: error: ld returned 1 exit status
ninja: build stopped: subcommand failed.



Determining if the function setupterm exists in the curses failed with the following output:
Change Dir: /home/yuaii/ollvm/llvm-project-9.0.1/llvm/cmake-build-debug/CMakeFiles/CMakeTmp

Run Build Command(s):/home/yuaii/clion-2022.2.4/bin/ninja/linux/ninja cmTC_3a4fc && [1/2] Building C object CMakeFiles/cmTC_3a4fc.dir/CheckFunctionExists.c.o
[2/2] Linking C executable cmTC_3a4fc
FAILED: cmTC_3a4fc 
: && /usr/bin/cc -DCHECK_FUNCTION_EXISTS=setupterm  CMakeFiles/cmTC_3a4fc.dir/CheckFunctionExists.c.o -o cmTC_3a4fc  -lcurses  -lm && :
/usr/bin/ld: 找不到 -lcurses
collect2: error: ld returned 1 exit status
ninja: build stopped: subcommand failed.



Determining if the function setupterm exists in the ncurses failed with the following output:
Change Dir: /home/yuaii/ollvm/llvm-project-9.0.1/llvm/cmake-build-debug/CMakeFiles/CMakeTmp

Run Build Command(s):/home/yuaii/clion-2022.2.4/bin/ninja/linux/ninja cmTC_199f0 && [1/2] Building C object CMakeFiles/cmTC_199f0.dir/CheckFunctionExists.c.o
[2/2] Linking C executable cmTC_199f0
FAILED: cmTC_199f0 
: && /usr/bin/cc -DCHECK_FUNCTION_EXISTS=setupterm  CMakeFiles/cmTC_199f0.dir/CheckFunctionExists.c.o -o cmTC_199f0  -lncurses  -lm && :
/usr/bin/ld: 找不到 -lncurses
collect2: error: ld returned 1 exit status
ninja: build stopped: subcommand failed.



Determining if the function setupterm exists in the ncursesw failed with the following output:
Change Dir: /home/yuaii/ollvm/llvm-project-9.0.1/llvm/cmake-build-debug/CMakeFiles/CMakeTmp

Run Build Command(s):/home/yuaii/clion-2022.2.4/bin/ninja/linux/ninja cmTC_b21d0 && [1/2] Building C object CMakeFiles/cmTC_b21d0.dir/CheckFunctionExists.c.o
[2/2] Linking C executable cmTC_b21d0
FAILED: cmTC_b21d0 
: && /usr/bin/cc -DCHECK_FUNCTION_EXISTS=setupterm  CMakeFiles/cmTC_b21d0.dir/CheckFunctionExists.c.o -o cmTC_b21d0  -lncursesw  -lm && :
/usr/bin/ld: 找不到 -lncursesw
collect2: error: ld returned 1 exit status
ninja: build stopped: subcommand failed.



Determining if the function xar_open exists in the xar failed with the following output:
Change Dir: /home/yuaii/ollvm/llvm-project-9.0.1/llvm/cmake-build-debug/CMakeFiles/CMakeTmp

Run Build Command(s):/home/yuaii/clion-2022.2.4/bin/ninja/linux/ninja cmTC_ae3c3 && [1/2] Building C object CMakeFiles/cmTC_ae3c3.dir/CheckFunctionExists.c.o
[2/2] Linking C executable cmTC_ae3c3
FAILED: cmTC_ae3c3 
: && /usr/bin/cc -DCHECK_FUNCTION_EXISTS=xar_open  CMakeFiles/cmTC_ae3c3.dir/CheckFunctionExists.c.o -o cmTC_ae3c3  -lxar  -lm && :
/usr/bin/ld: 找不到 -lxar
collect2: error: ld returned 1 exit status
ninja: build stopped: subcommand failed.



Determining if the arc4random exist failed with the following output:
Change Dir: /home/yuaii/ollvm/llvm-project-9.0.1/llvm/cmake-build-debug/CMakeFiles/CMakeTmp

Run Build Command(s):/home/yuaii/clion-2022.2.4/bin/ninja/linux/ninja cmTC_40c34 && [1/2] Building C object CMakeFiles/cmTC_40c34.dir/CheckSymbolExists.c.o
FAILED: CMakeFiles/cmTC_40c34.dir/CheckSymbolExists.c.o 
/usr/bin/cc    -o CMakeFiles/cmTC_40c34.dir/CheckSymbolExists.c.o -c /home/yuaii/ollvm/llvm-project-9.0.1/llvm/cmake-build-debug/CMakeFiles/CMakeTmp/CheckSymbolExists.c
/home/yuaii/ollvm/llvm-project-9.0.1/llvm/cmake-build-debug/CMakeFiles/CMakeTmp/CheckSymbolExists.c: In function ‘main’:
/home/yuaii/ollvm/llvm-project-9.0.1/llvm/cmake-build-debug/CMakeFiles/CMakeTmp/CheckSymbolExists.c:8:19: error: ‘arc4random’ undeclared (first use in this function); did you mean ‘srandom’?
    8 |   return ((int*)(&arc4random))[argc];
      |                   ^~~~~~~~~~
      |                   srandom
/home/yuaii/ollvm/llvm-project-9.0.1/llvm/cmake-build-debug/CMakeFiles/CMakeTmp/CheckSymbolExists.c:8:19: note: each undeclared identifier is reported only once for each function it appears in
ninja: build stopped: subcommand failed.


File /home/yuaii/ollvm/llvm-project-9.0.1/llvm/cmake-build-debug/CMakeFiles/CMakeTmp/CheckSymbolExists.c:
/* */
#include <stdlib.h>

int main(int argc, char** argv)
{
  (void)argv;
#ifndef arc4random
  return ((int*)(&arc4random))[argc];
#else
  (void)argc;
  return 0;
#endif
}
Performing C SOURCE FILE Test C_SUPPORTS_WERROR_UNGUARDED_AVAILABILITY_NEW failed with the following output:
Change Dir: /home/yuaii/ollvm/llvm-project-9.0.1/llvm/cmake-build-debug/CMakeFiles/CMakeTmp

Run Build Command(s):/home/yuaii/clion-2022.2.4/bin/ninja/linux/ninja cmTC_4803a && [1/2] Building C object CMakeFiles/cmTC_4803a.dir/src.c.o
FAILED: CMakeFiles/cmTC_4803a.dir/src.c.o 
/usr/bin/cc -DC_SUPPORTS_WERROR_UNGUARDED_AVAILABILITY_NEW  -Werror=unguarded-availability-new -o CMakeFiles/cmTC_4803a.dir/src.c.o -c /home/yuaii/ollvm/llvm-project-9.0.1/llvm/cmake-build-debug/CMakeFiles/CMakeTmp/src.c
cc1: error: '-Werror=unguarded-availability-new': no option -Wunguarded-availability-new
ninja: build stopped: subcommand failed.


Source file was:
int main(void) { return 0; }
Determining if the mallctl exist failed with the following output:
Change Dir: /home/yuaii/ollvm/llvm-project-9.0.1/llvm/cmake-build-debug/CMakeFiles/CMakeTmp

Run Build Command(s):/home/yuaii/clion-2022.2.4/bin/ninja/linux/ninja cmTC_18b5c && [1/2] Building C object CMakeFiles/cmTC_18b5c.dir/CheckSymbolExists.c.o
FAILED: CMakeFiles/cmTC_18b5c.dir/CheckSymbolExists.c.o 
/usr/bin/cc    -o CMakeFiles/cmTC_18b5c.dir/CheckSymbolExists.c.o -c /home/yuaii/ollvm/llvm-project-9.0.1/llvm/cmake-build-debug/CMakeFiles/CMakeTmp/CheckSymbolExists.c
/home/yuaii/ollvm/llvm-project-9.0.1/llvm/cmake-build-debug/CMakeFiles/CMakeTmp/CheckSymbolExists.c:2:10: fatal error: malloc_np.h: 没有那个文件或目录
    2 | #include <malloc_np.h>
      |          ^~~~~~~~~~~~~
compilation terminated.
ninja: build stopped: subcommand failed.


File /home/yuaii/ollvm/llvm-project-9.0.1/llvm/cmake-build-debug/CMakeFiles/CMakeTmp/CheckSymbolExists.c:
/* */
#include <malloc_np.h>

int main(int argc, char** argv)
{
  (void)argv;
#ifndef mallctl
  return ((int*)(&mallctl))[argc];
#else
  (void)argc;
  return 0;
#endif
}
Determining if the malloc_zone_statistics exist failed with the following output:
Change Dir: /home/yuaii/ollvm/llvm-project-9.0.1/llvm/cmake-build-debug/CMakeFiles/CMakeTmp

Run Build Command(s):/home/yuaii/clion-2022.2.4/bin/ninja/linux/ninja cmTC_d073a && [1/2] Building C object CMakeFiles/cmTC_d073a.dir/CheckSymbolExists.c.o
FAILED: CMakeFiles/cmTC_d073a.dir/CheckSymbolExists.c.o 
/usr/bin/cc    -o CMakeFiles/cmTC_d073a.dir/CheckSymbolExists.c.o -c /home/yuaii/ollvm/llvm-project-9.0.1/llvm/cmake-build-debug/CMakeFiles/CMakeTmp/CheckSymbolExists.c
/home/yuaii/ollvm/llvm-project-9.0.1/llvm/cmake-build-debug/CMakeFiles/CMakeTmp/CheckSymbolExists.c:2:10: fatal error: malloc/malloc.h: 没有那个文件或目录
    2 | #include <malloc/malloc.h>
      |          ^~~~~~~~~~~~~~~~~
compilation terminated.
ninja: build stopped: subcommand failed.


File /home/yuaii/ollvm/llvm-project-9.0.1/llvm/cmake-build-debug/CMakeFiles/CMakeTmp/CheckSymbolExists.c:
/* */
#include <malloc/malloc.h>

int main(int argc, char** argv)
{
  (void)argv;
#ifndef malloc_zone_statistics
  return ((int*)(&malloc_zone_statistics))[argc];
#else
  (void)argc;
  return 0;
#endif
}
Determining if the strerror_s exist failed with the following output:
Change Dir: /home/yuaii/ollvm/llvm-project-9.0.1/llvm/cmake-build-debug/CMakeFiles/CMakeTmp

Run Build Command(s):/home/yuaii/clion-2022.2.4/bin/ninja/linux/ninja cmTC_80555 && [1/2] Building C object CMakeFiles/cmTC_80555.dir/CheckSymbolExists.c.o
FAILED: CMakeFiles/cmTC_80555.dir/CheckSymbolExists.c.o 
/usr/bin/cc    -o CMakeFiles/cmTC_80555.dir/CheckSymbolExists.c.o -c /home/yuaii/ollvm/llvm-project-9.0.1/llvm/cmake-build-debug/CMakeFiles/CMakeTmp/CheckSymbolExists.c
/home/yuaii/ollvm/llvm-project-9.0.1/llvm/cmake-build-debug/CMakeFiles/CMakeTmp/CheckSymbolExists.c: In function ‘main’:
/home/yuaii/ollvm/llvm-project-9.0.1/llvm/cmake-build-debug/CMakeFiles/CMakeTmp/CheckSymbolExists.c:8:19: error: ‘strerror_s’ undeclared (first use in this function); did you mean ‘strerror_l’?
    8 |   return ((int*)(&strerror_s))[argc];
      |                   ^~~~~~~~~~
      |                   strerror_l
/home/yuaii/ollvm/llvm-project-9.0.1/llvm/cmake-build-debug/CMakeFiles/CMakeTmp/CheckSymbolExists.c:8:19: note: each undeclared identifier is reported only once for each function it appears in
ninja: build stopped: subcommand failed.


File /home/yuaii/ollvm/llvm-project-9.0.1/llvm/cmake-build-debug/CMakeFiles/CMakeTmp/CheckSymbolExists.c:
/* */
#include <string.h>

int main(int argc, char** argv)
{
  (void)argv;
#ifndef strerror_s
  return ((int*)(&strerror_s))[argc];
#else
  (void)argc;
  return 0;
#endif
}
Determining if the dladdr exist failed with the following output:
Change Dir: /home/yuaii/ollvm/llvm-project-9.0.1/llvm/cmake-build-debug/CMakeFiles/CMakeTmp

Run Build Command(s):/home/yuaii/clion-2022.2.4/bin/ninja/linux/ninja cmTC_c2937 && [1/2] Building C object CMakeFiles/cmTC_c2937.dir/CheckSymbolExists.c.o
FAILED: CMakeFiles/cmTC_c2937.dir/CheckSymbolExists.c.o 
/usr/bin/cc    -o CMakeFiles/cmTC_c2937.dir/CheckSymbolExists.c.o -c /home/yuaii/ollvm/llvm-project-9.0.1/llvm/cmake-build-debug/CMakeFiles/CMakeTmp/CheckSymbolExists.c
/home/yuaii/ollvm/llvm-project-9.0.1/llvm/cmake-build-debug/CMakeFiles/CMakeTmp/CheckSymbolExists.c: In function ‘main’:
/home/yuaii/ollvm/llvm-project-9.0.1/llvm/cmake-build-debug/CMakeFiles/CMakeTmp/CheckSymbolExists.c:8:19: error: ‘dladdr’ undeclared (first use in this function)
    8 |   return ((int*)(&dladdr))[argc];
      |                   ^~~~~~
/home/yuaii/ollvm/llvm-project-9.0.1/llvm/cmake-build-debug/CMakeFiles/CMakeTmp/CheckSymbolExists.c:8:19: note: each undeclared identifier is reported only once for each function it appears in
ninja: build stopped: subcommand failed.


File /home/yuaii/ollvm/llvm-project-9.0.1/llvm/cmake-build-debug/CMakeFiles/CMakeTmp/CheckSymbolExists.c:
/* */
#include <dlfcn.h>

int main(int argc, char** argv)
{
  (void)argv;
#ifndef dladdr
  return ((int*)(&dladdr))[argc];
#else
  (void)argc;
  return 0;
#endif
}
Performing C SOURCE FILE Test HAVE_STRUCT_STAT_ST_MTIMESPEC_TV_NSEC failed with the following output:
Change Dir: /home/yuaii/ollvm/llvm-project-9.0.1/llvm/cmake-build-debug/CMakeFiles/CMakeTmp

Run Build Command(s):/home/yuaii/clion-2022.2.4/bin/ninja/linux/ninja cmTC_4b7d6 && [1/2] Building C object CMakeFiles/cmTC_4b7d6.dir/src.c.o
FAILED: CMakeFiles/cmTC_4b7d6.dir/src.c.o 
/usr/bin/cc -DHAVE_STRUCT_STAT_ST_MTIMESPEC_TV_NSEC   -o CMakeFiles/cmTC_4b7d6.dir/src.c.o -c /home/yuaii/ollvm/llvm-project-9.0.1/llvm/cmake-build-debug/CMakeFiles/CMakeTmp/src.c
/home/yuaii/ollvm/llvm-project-9.0.1/llvm/cmake-build-debug/CMakeFiles/CMakeTmp/src.c: In function ‘main’:
/home/yuaii/ollvm/llvm-project-9.0.1/llvm/cmake-build-debug/CMakeFiles/CMakeTmp/src.c:7:34: error: ‘struct stat’ has no member named ‘st_mtimespec’
    7 |   (void)sizeof(((struct stat *)0)->st_mtimespec.tv_nsec);
      |                                  ^~
ninja: build stopped: subcommand failed.


Source file was:

#include <sys/types.h>
#include <sys/stat.h>

int main()
{
  (void)sizeof(((struct stat *)0)->st_mtimespec.tv_nsec);
  return 0;
}

Performing C++ SOURCE FILE Test SUPPORTS_GNU_ZERO_VARIADIC_MACRO_ARGUMENTS_FLAG failed with the following output:
Change Dir: /home/yuaii/ollvm/llvm-project-9.0.1/llvm/cmake-build-debug/CMakeFiles/CMakeTmp

Run Build Command(s):/home/yuaii/clion-2022.2.4/bin/ninja/linux/ninja cmTC_0197e && [1/2] Building CXX object CMakeFiles/cmTC_0197e.dir/src.cxx.o
FAILED: CMakeFiles/cmTC_0197e.dir/src.cxx.o 
/usr/bin/c++ -DSUPPORTS_GNU_ZERO_VARIADIC_MACRO_ARGUMENTS_FLAG  -Wgnu-zero-variadic-macro-arguments -o CMakeFiles/cmTC_0197e.dir/src.cxx.o -c /home/yuaii/ollvm/llvm-project-9.0.1/llvm/cmake-build-debug/CMakeFiles/CMakeTmp/src.cxx
c++: error: unrecognized command line option '-Wgnu-zero-variadic-macro-arguments'
ninja: build stopped: subcommand failed.


Source file was:
int main() { return 0; }
Performing C++ SOURCE FILE Test CXX_SUPPORTS_WERROR_UNGUARDED_AVAILABILITY_NEW failed with the following output:
Change Dir: /home/yuaii/ollvm/llvm-project-9.0.1/llvm/cmake-build-debug/CMakeFiles/CMakeTmp

Run Build Command(s):/home/yuaii/clion-2022.2.4/bin/ninja/linux/ninja cmTC_3ab09 && [1/2] Building CXX object CMakeFiles/cmTC_3ab09.dir/src.cxx.o
FAILED: CMakeFiles/cmTC_3ab09.dir/src.cxx.o 
/usr/bin/c++ -DCXX_SUPPORTS_WERROR_UNGUARDED_AVAILABILITY_NEW  -fPIC -fvisibility-inlines-hidden -Werror=date-time    -Werror -Werror=unguarded-availability-new -o CMakeFiles/cmTC_3ab09.dir/src.cxx.o -c /home/yuaii/ollvm/llvm-project-9.0.1/llvm/cmake-build-debug/CMakeFiles/CMakeTmp/src.cxx
cc1plus: error: '-Werror=unguarded-availability-new': no option -Wunguarded-availability-new
ninja: build stopped: subcommand failed.


Source file was:
int main() { return 0; }
Performing C SOURCE FILE Test C_SUPPORTS_COVERED_SWITCH_DEFAULT_FLAG failed with the following output:
Change Dir: /home/yuaii/ollvm/llvm-project-9.0.1/llvm/cmake-build-debug/CMakeFiles/CMakeTmp

Run Build Command(s):/home/yuaii/clion-2022.2.4/bin/ninja/linux/ninja cmTC_b1741 && [1/2] Building C object CMakeFiles/cmTC_b1741.dir/src.c.o
FAILED: CMakeFiles/cmTC_b1741.dir/src.c.o 
/usr/bin/cc -DC_SUPPORTS_COVERED_SWITCH_DEFAULT_FLAG  -fPIC -Werror=date-time -Wall -Wextra -Wno-unused-parameter -Wwrite-strings -Wno-missing-field-initializers -pedantic -Wno-long-long -Wimplicit-fallthrough    -Werror -Wcovered-switch-default -o CMakeFiles/cmTC_b1741.dir/src.c.o -c /home/yuaii/ollvm/llvm-project-9.0.1/llvm/cmake-build-debug/CMakeFiles/CMakeTmp/src.c
cc: error: unrecognized command line option '-Wcovered-switch-default'; did you mean '-Wno-switch-default'?
ninja: build stopped: subcommand failed.


Source file was:
int main(void) { return 0; }
Performing C++ SOURCE FILE Test CXX_SUPPORTS_COVERED_SWITCH_DEFAULT_FLAG failed with the following output:
Change Dir: /home/yuaii/ollvm/llvm-project-9.0.1/llvm/cmake-build-debug/CMakeFiles/CMakeTmp

Run Build Command(s):/home/yuaii/clion-2022.2.4/bin/ninja/linux/ninja cmTC_7d127 && [1/2] Building CXX object CMakeFiles/cmTC_7d127.dir/src.cxx.o
FAILED: CMakeFiles/cmTC_7d127.dir/src.cxx.o 
/usr/bin/c++ -DCXX_SUPPORTS_COVERED_SWITCH_DEFAULT_FLAG  -fPIC -fvisibility-inlines-hidden -Werror=date-time -std=c++11 -Wall -Wextra -Wno-unused-parameter -Wwrite-strings -Wcast-qual -Wno-missing-field-initializers -pedantic -Wno-long-long -Wimplicit-fallthrough    -Werror -Wcovered-switch-default -o CMakeFiles/cmTC_7d127.dir/src.cxx.o -c /home/yuaii/ollvm/llvm-project-9.0.1/llvm/cmake-build-debug/CMakeFiles/CMakeTmp/src.cxx
c++: error: unrecognized command line option '-Wcovered-switch-default'; did you mean '-Wno-switch-default'?
ninja: build stopped: subcommand failed.


Source file was:
int main() { return 0; }
Performing C SOURCE FILE Test C_SUPPORTS_DELETE_NON_VIRTUAL_DTOR_FLAG failed with the following output:
Change Dir: /home/yuaii/ollvm/llvm-project-9.0.1/llvm/cmake-build-debug/CMakeFiles/CMakeTmp

Run Build Command(s):/home/yuaii/clion-2022.2.4/bin/ninja/linux/ninja cmTC_1bf1d && [1/2] Building C object CMakeFiles/cmTC_1bf1d.dir/src.c.o
FAILED: CMakeFiles/cmTC_1bf1d.dir/src.c.o 
/usr/bin/cc -DC_SUPPORTS_DELETE_NON_VIRTUAL_DTOR_FLAG  -fPIC -Werror=date-time -Wall -Wextra -Wno-unused-parameter -Wwrite-strings -Wno-missing-field-initializers -pedantic -Wno-long-long -Wimplicit-fallthrough    -Werror -Wdelete-non-virtual-dtor -o CMakeFiles/cmTC_1bf1d.dir/src.c.o -c /home/yuaii/ollvm/llvm-project-9.0.1/llvm/cmake-build-debug/CMakeFiles/CMakeTmp/src.c
cc1: error: command line option '-Wdelete-non-virtual-dtor' is valid for C++/ObjC++ but not for C [-Werror]
cc1: all warnings being treated as errors
ninja: build stopped: subcommand failed.


Source file was:
int main(void) { return 0; }
Performing C SOURCE FILE Test C_WCOMMENT_ALLOWS_LINE_WRAP failed with the following output:
Change Dir: /home/yuaii/ollvm/llvm-project-9.0.1/llvm/cmake-build-debug/CMakeFiles/CMakeTmp

Run Build Command(s):/home/yuaii/clion-2022.2.4/bin/ninja/linux/ninja cmTC_726ec && [1/2] Building C object CMakeFiles/cmTC_726ec.dir/src.c.o
FAILED: CMakeFiles/cmTC_726ec.dir/src.c.o 
/usr/bin/cc -DC_WCOMMENT_ALLOWS_LINE_WRAP -D_GNU_SOURCE  -fPIC -Werror=date-time -Wall -Wextra -Wno-unused-parameter -Wwrite-strings -Wno-missing-field-initializers -pedantic -Wno-long-long -Wimplicit-fallthrough  -Werror -Wcomment -o CMakeFiles/cmTC_726ec.dir/src.c.o -c /home/yuaii/ollvm/llvm-project-9.0.1/llvm/cmake-build-debug/CMakeFiles/CMakeTmp/src.c
/home/yuaii/ollvm/llvm-project-9.0.1/llvm/cmake-build-debug/CMakeFiles/CMakeTmp/src.c:1:1: error: multi-line comment [-Werror=comment]
    1 | // \
      | ^
cc1: all warnings being treated as errors
ninja: build stopped: subcommand failed.


Source file was:
// \
//
int main() {return 0;}
Performing C SOURCE FILE Test C_SUPPORTS_STRING_CONVERSION_FLAG failed with the following output:
Change Dir: /home/yuaii/ollvm/llvm-project-9.0.1/llvm/cmake-build-debug/CMakeFiles/CMakeTmp

Run Build Command(s):/home/yuaii/clion-2022.2.4/bin/ninja/linux/ninja cmTC_b6a8c && [1/2] Building C object CMakeFiles/cmTC_b6a8c.dir/src.c.o
FAILED: CMakeFiles/cmTC_b6a8c.dir/src.c.o 
/usr/bin/cc -DC_SUPPORTS_STRING_CONVERSION_FLAG  -fPIC -Werror=date-time -Wall -Wextra -Wno-unused-parameter -Wwrite-strings -Wno-missing-field-initializers -pedantic -Wno-long-long -Wimplicit-fallthrough -Wno-comment    -Werror -Wstring-conversion -o CMakeFiles/cmTC_b6a8c.dir/src.c.o -c /home/yuaii/ollvm/llvm-project-9.0.1/llvm/cmake-build-debug/CMakeFiles/CMakeTmp/src.c
cc: error: unrecognized command line option '-Wstring-conversion'; did you mean '-Wsign-conversion'?
ninja: build stopped: subcommand failed.


Source file was:
int main(void) { return 0; }
Performing C++ SOURCE FILE Test CXX_SUPPORTS_STRING_CONVERSION_FLAG failed with the following output:
Change Dir: /home/yuaii/ollvm/llvm-project-9.0.1/llvm/cmake-build-debug/CMakeFiles/CMakeTmp

Run Build Command(s):/home/yuaii/clion-2022.2.4/bin/ninja/linux/ninja cmTC_d59db && [1/2] Building CXX object CMakeFiles/cmTC_d59db.dir/src.cxx.o
FAILED: CMakeFiles/cmTC_d59db.dir/src.cxx.o 
/usr/bin/c++ -DCXX_SUPPORTS_STRING_CONVERSION_FLAG  -fPIC -fvisibility-inlines-hidden -Werror=date-time -std=c++11 -Wall -Wextra -Wno-unused-parameter -Wwrite-strings -Wcast-qual -Wno-missing-field-initializers -pedantic -Wno-long-long -Wimplicit-fallthrough -Wno-maybe-uninitialized -Wno-class-memaccess -Wno-noexcept-type -Wdelete-non-virtual-dtor -Wno-comment    -Werror -Wstring-conversion -o CMakeFiles/cmTC_d59db.dir/src.cxx.o -c /home/yuaii/ollvm/llvm-project-9.0.1/llvm/cmake-build-debug/CMakeFiles/CMakeTmp/src.cxx
c++: error: unrecognized command line option '-Wstring-conversion'; did you mean '-Wsign-conversion'?
ninja: build stopped: subcommand failed.


Source file was:
int main() { return 0; }
Performing C++ SOURCE FILE Test LINKER_SUPPORTS_COLOR_DIAGNOSTICS failed with the following output:
Change Dir: /home/yuaii/ollvm/llvm-project-9.0.1/llvm/cmake-build-debug/CMakeFiles/CMakeTmp

Run Build Command(s):/home/yuaii/clion-2022.2.4/bin/ninja/linux/ninja cmTC_a7806 && [1/2] Building CXX object CMakeFiles/cmTC_a7806.dir/src.cxx.o
[2/2] Linking CXX executable cmTC_a7806
FAILED: cmTC_a7806 
: && /usr/bin/c++ -fPIC -fvisibility-inlines-hidden -Werror=date-time -std=c++11 -Wall -Wextra -Wno-unused-parameter -Wwrite-strings -Wcast-qual -Wno-missing-field-initializers -pedantic -Wno-long-long -Wimplicit-fallthrough -Wno-maybe-uninitialized -Wno-class-memaccess -Wno-noexcept-type -Wdelete-non-virtual-dtor -Wno-comment -fdiagnostics-color -Wl,--color-diagnostics CMakeFiles/cmTC_a7806.dir/src.cxx.o -o cmTC_a7806  -lm && :
/usr/bin/ld: unrecognized option '--color-diagnostics'
/usr/bin/ld: use the --help option for usage information
collect2: error: ld returned 1 exit status
ninja: build stopped: subcommand failed.


Source file was:
int main() { return 0; }
Determining if the os_signpost_interval_begin exist failed with the following output:
Change Dir: /home/yuaii/ollvm/llvm-project-9.0.1/llvm/cmake-build-debug/CMakeFiles/CMakeTmp

Run Build Command(s):/home/yuaii/clion-2022.2.4/bin/ninja/linux/ninja cmTC_ec36a && [1/2] Building C object CMakeFiles/cmTC_ec36a.dir/CheckSymbolExists.c.o
FAILED: CMakeFiles/cmTC_ec36a.dir/CheckSymbolExists.c.o 
/usr/bin/cc -D_GNU_SOURCE  -fPIC -Wall -Wextra -Wno-unused-parameter -Wwrite-strings -Wno-missing-field-initializers -pedantic -Wno-long-long -Wimplicit-fallthrough -Wno-comment -fdiagnostics-color -o CMakeFiles/cmTC_ec36a.dir/CheckSymbolExists.c.o -c /home/yuaii/ollvm/llvm-project-9.0.1/llvm/cmake-build-debug/CMakeFiles/CMakeTmp/CheckSymbolExists.c
/home/yuaii/ollvm/llvm-project-9.0.1/llvm/cmake-build-debug/CMakeFiles/CMakeTmp/CheckSymbolExists.c:2:10: fatal error: os/signpost.h: 没有那个文件或目录
    2 | #include <os/signpost.h>
      |          ^~~~~~~~~~~~~~~
compilation terminated.
ninja: build stopped: subcommand failed.


File /home/yuaii/ollvm/llvm-project-9.0.1/llvm/cmake-build-debug/CMakeFiles/CMakeTmp/CheckSymbolExists.c:
/* */
#include <os/signpost.h>

int main(int argc, char** argv)
{
  (void)argv;
#ifndef os_signpost_interval_begin
  return ((int*)(&os_signpost_interval_begin))[argc];
#else
  (void)argc;
  return 0;
#endif
}
Performing C++ SOURCE FILE Test CXX_SUPPORTS_NO_NESTED_ANON_TYPES_FLAG failed with the following output:
Change Dir: /home/yuaii/ollvm/llvm-project-9.0.1/llvm/cmake-build-debug/CMakeFiles/CMakeTmp

Run Build Command(s):/home/yuaii/clion-2022.2.4/bin/ninja/linux/ninja cmTC_e8bfc && [1/2] Building CXX object CMakeFiles/cmTC_e8bfc.dir/src.cxx.o
FAILED: CMakeFiles/cmTC_e8bfc.dir/src.cxx.o 
/usr/bin/c++ -DCXX_SUPPORTS_NO_NESTED_ANON_TYPES_FLAG  -fPIC -fvisibility-inlines-hidden -Werror=date-time -std=c++11 -Wall -Wextra -Wno-unused-parameter -Wwrite-strings -Wcast-qual -Wno-missing-field-initializers -pedantic -Wno-long-long -Wimplicit-fallthrough -Wno-maybe-uninitialized -Wno-class-memaccess -Wno-noexcept-type -Wdelete-non-virtual-dtor -Wno-comment -fdiagnostics-color -fno-common -Woverloaded-virtual -fno-strict-aliasing    -Werror -Wnested-anon-types -o CMakeFiles/cmTC_e8bfc.dir/src.cxx.o -c /home/yuaii/ollvm/llvm-project-9.0.1/llvm/cmake-build-debug/CMakeFiles/CMakeTmp/src.cxx
c++: error: unrecognized command line option '-Wnested-anon-types'
ninja: build stopped: subcommand failed.


Source file was:
int main() { return 0; }
Performing C++ SOURCE FILE Test HAVE_CXX_FLAG_WSHORTEN_64_TO_32 failed with the following output:
Change Dir: /home/yuaii/ollvm/llvm-project-9.0.1/llvm/cmake-build-debug/CMakeFiles/CMakeTmp

Run Build Command(s):/home/yuaii/clion-2022.2.4/bin/ninja/linux/ninja cmTC_95a1b && [1/2] Building CXX object CMakeFiles/cmTC_95a1b.dir/src.cxx.o
FAILED: CMakeFiles/cmTC_95a1b.dir/src.cxx.o 
/usr/bin/c++ -DHAVE_CXX_FLAG_WSHORTEN_64_TO_32  -fPIC -fvisibility-inlines-hidden -Werror=date-time -std=c++11 -Wall -Wextra -Wno-unused-parameter -Wwrite-strings -Wcast-qual -Wno-missing-field-initializers -pedantic -Wno-long-long -Wimplicit-fallthrough -Wno-maybe-uninitialized -Wno-class-memaccess -Wno-noexcept-type -Wdelete-non-virtual-dtor -Wno-comment -fdiagnostics-color  -std=c++11  -Wall  -Wextra  -Wshadow  -pedantic  -pedantic-errors  -Wshorten-64-to-32   -Wshorten-64-to-32 -o CMakeFiles/cmTC_95a1b.dir/src.cxx.o -c /home/yuaii/ollvm/llvm-project-9.0.1/llvm/cmake-build-debug/CMakeFiles/CMakeTmp/src.cxx
c++: error: unrecognized command line option '-Wshorten-64-to-32'
c++: error: unrecognized command line option '-Wshorten-64-to-32'
ninja: build stopped: subcommand failed.


Source file was:
int main() { return 0; }
Performing C++ SOURCE FILE Test HAVE_CXX_FLAG_WD654 failed with the following output:
Change Dir: /home/yuaii/ollvm/llvm-project-9.0.1/llvm/cmake-build-debug/CMakeFiles/CMakeTmp

Run Build Command(s):/home/yuaii/clion-2022.2.4/bin/ninja/linux/ninja cmTC_ad6bf && [1/2] Building CXX object CMakeFiles/cmTC_ad6bf.dir/src.cxx.o
FAILED: CMakeFiles/cmTC_ad6bf.dir/src.cxx.o 
/usr/bin/c++ -DHAVE_CXX_FLAG_WD654  -fPIC -fvisibility-inlines-hidden -Werror=date-time -std=c++11 -Wall -Wextra -Wno-unused-parameter -Wwrite-strings -Wcast-qual -Wno-missing-field-initializers -pedantic -Wno-long-long -Wimplicit-fallthrough -Wno-maybe-uninitialized -Wno-class-memaccess -Wno-noexcept-type -Wdelete-non-virtual-dtor -Wno-comment -fdiagnostics-color  -std=c++11  -Wall  -Wextra  -Wshadow  -pedantic  -pedantic-errors  -Wfloat-equal  -fstrict-aliasing  -fno-exceptions  -Wstrict-aliasing  -wd654   -wd654 -o CMakeFiles/cmTC_ad6bf.dir/src.cxx.o -c /home/yuaii/ollvm/llvm-project-9.0.1/llvm/cmake-build-debug/CMakeFiles/CMakeTmp/src.cxx
c++: error: unrecognized command line option '-wd654'
c++: error: unrecognized command line option '-wd654'
ninja: build stopped: subcommand failed.


Source file was:
int main() { return 0; }
Performing C++ SOURCE FILE Test HAVE_CXX_FLAG_WTHREAD_SAFETY failed with the following output:
Change Dir: /home/yuaii/ollvm/llvm-project-9.0.1/llvm/cmake-build-debug/CMakeFiles/CMakeTmp

Run Build Command(s):/home/yuaii/clion-2022.2.4/bin/ninja/linux/ninja cmTC_28bff && [1/2] Building CXX object CMakeFiles/cmTC_28bff.dir/src.cxx.o
FAILED: CMakeFiles/cmTC_28bff.dir/src.cxx.o 
/usr/bin/c++ -DHAVE_CXX_FLAG_WTHREAD_SAFETY  -fPIC -fvisibility-inlines-hidden -Werror=date-time -std=c++11 -Wall -Wextra -Wno-unused-parameter -Wwrite-strings -Wcast-qual -Wno-missing-field-initializers -pedantic -Wno-long-long -Wimplicit-fallthrough -Wno-maybe-uninitialized -Wno-class-memaccess -Wno-noexcept-type -Wdelete-non-virtual-dtor -Wno-comment -fdiagnostics-color  -std=c++11  -Wall  -Wextra  -Wshadow  -pedantic  -pedantic-errors  -Wfloat-equal  -fstrict-aliasing  -fno-exceptions  -Wstrict-aliasing  -Wthread-safety   -Wthread-safety -o CMakeFiles/cmTC_28bff.dir/src.cxx.o -c /home/yuaii/ollvm/llvm-project-9.0.1/llvm/cmake-build-debug/CMakeFiles/CMakeTmp/src.cxx
c++: error: unrecognized command line option '-Wthread-safety'
c++: error: unrecognized command line option '-Wthread-safety'
ninja: build stopped: subcommand failed.


Source file was:
int main() { return 0; }
