Determining if the include file malloc/malloc.h exists failed with the following output:
Change Dir: /home/yuaii/ollvm/llvm-project-9.0.1/llvm/cmake-build-release/CMakeFiles/CMakeTmp

Run Build Command(s):/home/yuaii/clion-2022.2.4/bin/ninja/linux/ninja cmTC_d266f && [1/2] Building C object CMakeFiles/cmTC_d266f.dir/CheckIncludeFile.c.o
FAILED: CMakeFiles/cmTC_d266f.dir/CheckIncludeFile.c.o 
/usr/bin/cc    -o CMakeFiles/cmTC_d266f.dir/CheckIncludeFile.c.o -c /home/yuaii/ollvm/llvm-project-9.0.1/llvm/cmake-build-release/CMakeFiles/CMakeTmp/CheckIncludeFile.c
/home/yuaii/ollvm/llvm-project-9.0.1/llvm/cmake-build-release/CMakeFiles/CMakeTmp/CheckIncludeFile.c:1:10: fatal error: malloc/malloc.h: 没有那个文件或目录
    1 | #include <malloc/malloc.h>
      |          ^~~~~~~~~~~~~~~~~
compilation terminated.
ninja: build stopped: subcommand failed.



Determining if the include file valgrind/valgrind.h exists failed with the following output:
Change Dir: /home/yuaii/ollvm/llvm-project-9.0.1/llvm/cmake-build-release/CMakeFiles/CMakeTmp

Run Build Command(s):/home/yuaii/clion-2022.2.4/bin/ninja/linux/ninja cmTC_5ad75 && [1/2] Building C object CMakeFiles/cmTC_5ad75.dir/CheckIncludeFile.c.o
FAILED: CMakeFiles/cmTC_5ad75.dir/CheckIncludeFile.c.o 
/usr/bin/cc    -o CMakeFiles/cmTC_5ad75.dir/CheckIncludeFile.c.o -c /home/yuaii/ollvm/llvm-project-9.0.1/llvm/cmake-build-release/CMakeFiles/CMakeTmp/CheckIncludeFile.c
/home/yuaii/ollvm/llvm-project-9.0.1/llvm/cmake-build-release/CMakeFiles/CMakeTmp/CheckIncludeFile.c:1:10: fatal error: valgrind/valgrind.h: 没有那个文件或目录
    1 | #include <valgrind/valgrind.h>
      |          ^~~~~~~~~~~~~~~~~~~~~
compilation terminated.
ninja: build stopped: subcommand failed.



Determining if the include file mach/mach.h exists failed with the following output:
Change Dir: /home/yuaii/ollvm/llvm-project-9.0.1/llvm/cmake-build-release/CMakeFiles/CMakeTmp

Run Build Command(s):/home/yuaii/clion-2022.2.4/bin/ninja/linux/ninja cmTC_a5671 && [1/2] Building C object CMakeFiles/cmTC_a5671.dir/CheckIncludeFile.c.o
FAILED: CMakeFiles/cmTC_a5671.dir/CheckIncludeFile.c.o 
/usr/bin/cc    -o CMakeFiles/cmTC_a5671.dir/CheckIncludeFile.c.o -c /home/yuaii/ollvm/llvm-project-9.0.1/llvm/cmake-build-release/CMakeFiles/CMakeTmp/CheckIncludeFile.c
/home/yuaii/ollvm/llvm-project-9.0.1/llvm/cmake-build-release/CMakeFiles/CMakeTmp/CheckIncludeFile.c:1:10: fatal error: mach/mach.h: 没有那个文件或目录
    1 | #include <mach/mach.h>
      |          ^~~~~~~~~~~~~
compilation terminated.
ninja: build stopped: subcommand failed.



Determining if the include file histedit.h exists failed with the following output:
Change Dir: /home/yuaii/ollvm/llvm-project-9.0.1/llvm/cmake-build-release/CMakeFiles/CMakeTmp

Run Build Command(s):/home/yuaii/clion-2022.2.4/bin/ninja/linux/ninja cmTC_eb6d3 && [1/2] Building C object CMakeFiles/cmTC_eb6d3.dir/CheckIncludeFile.c.o
FAILED: CMakeFiles/cmTC_eb6d3.dir/CheckIncludeFile.c.o 
/usr/bin/cc    -o CMakeFiles/cmTC_eb6d3.dir/CheckIncludeFile.c.o -c /home/yuaii/ollvm/llvm-project-9.0.1/llvm/cmake-build-release/CMakeFiles/CMakeTmp/CheckIncludeFile.c
/home/yuaii/ollvm/llvm-project-9.0.1/llvm/cmake-build-release/CMakeFiles/CMakeTmp/CheckIncludeFile.c:1:10: fatal error: histedit.h: 没有那个文件或目录
    1 | #include <histedit.h>
      |          ^~~~~~~~~~~~
compilation terminated.
ninja: build stopped: subcommand failed.



Determining if the include file CrashReporterClient.h exists failed with the following output:
Change Dir: /home/yuaii/ollvm/llvm-project-9.0.1/llvm/cmake-build-release/CMakeFiles/CMakeTmp

Run Build Command(s):/home/yuaii/clion-2022.2.4/bin/ninja/linux/ninja cmTC_d6d2c && [1/2] Building C object CMakeFiles/cmTC_d6d2c.dir/CheckIncludeFile.c.o
FAILED: CMakeFiles/cmTC_d6d2c.dir/CheckIncludeFile.c.o 
/usr/bin/cc    -o CMakeFiles/cmTC_d6d2c.dir/CheckIncludeFile.c.o -c /home/yuaii/ollvm/llvm-project-9.0.1/llvm/cmake-build-release/CMakeFiles/CMakeTmp/CheckIncludeFile.c
/home/yuaii/ollvm/llvm-project-9.0.1/llvm/cmake-build-release/CMakeFiles/CMakeTmp/CheckIncludeFile.c:1:10: fatal error: CrashReporterClient.h: 没有那个文件或目录
    1 | #include <CrashReporterClient.h>
      |          ^~~~~~~~~~~~~~~~~~~~~~~
compilation terminated.
ninja: build stopped: subcommand failed.



Determining if the function pfm_initialize exists in the pfm failed with the following output:
Change Dir: /home/yuaii/ollvm/llvm-project-9.0.1/llvm/cmake-build-release/CMakeFiles/CMakeTmp

Run Build Command(s):/home/yuaii/clion-2022.2.4/bin/ninja/linux/ninja cmTC_79a9a && [1/2] Building C object CMakeFiles/cmTC_79a9a.dir/CheckFunctionExists.c.o
[2/2] Linking C executable cmTC_79a9a
FAILED: cmTC_79a9a 
: && /usr/bin/cc -DCHECK_FUNCTION_EXISTS=pfm_initialize  CMakeFiles/cmTC_79a9a.dir/CheckFunctionExists.c.o -o cmTC_79a9a  -lpfm  -lm && :
/usr/bin/ld: 找不到 -lpfm
collect2: error: ld returned 1 exit status
ninja: build stopped: subcommand failed.



Performing C SOURCE FILE Test CMAKE_HAVE_LIBC_PTHREAD failed with the following output:
Change Dir: /home/yuaii/ollvm/llvm-project-9.0.1/llvm/cmake-build-release/CMakeFiles/CMakeTmp

Run Build Command(s):/home/yuaii/clion-2022.2.4/bin/ninja/linux/ninja cmTC_0286b && [1/2] Building C object CMakeFiles/cmTC_0286b.dir/src.c.o
[2/2] Linking C executable cmTC_0286b
FAILED: cmTC_0286b 
: && /usr/bin/cc   CMakeFiles/cmTC_0286b.dir/src.c.o -o cmTC_0286b  -lm && :
/usr/bin/ld: CMakeFiles/cmTC_0286b.dir/src.c.o: in function `main':
src.c:(.text+0x46): undefined reference to `pthread_create'
/usr/bin/ld: src.c:(.text+0x52): undefined reference to `pthread_detach'
/usr/bin/ld: src.c:(.text+0x5e): undefined reference to `pthread_cancel'
/usr/bin/ld: src.c:(.text+0x6f): undefined reference to `pthread_join'
collect2: error: ld returned 1 exit status
ninja: build stopped: subcommand failed.


Source file was:
#include <pthread.h>

static void* test_func(void* data)
{
  return data;
}

int main(void)
{
  pthread_t thread;
  pthread_create(&thread, NULL, test_func, NULL);
  pthread_detach(thread);
  pthread_cancel(thread);
  pthread_join(thread, NULL);
  pthread_atfork(NULL, NULL, NULL);
  pthread_exit(NULL);

  return 0;
}

Determining if the function pthread_create exists in the pthreads failed with the following output:
Change Dir: /home/yuaii/ollvm/llvm-project-9.0.1/llvm/cmake-build-release/CMakeFiles/CMakeTmp

Run Build Command(s):/home/yuaii/clion-2022.2.4/bin/ninja/linux/ninja cmTC_53237 && [1/2] Building C object CMakeFiles/cmTC_53237.dir/CheckFunctionExists.c.o
[2/2] Linking C executable cmTC_53237
FAILED: cmTC_53237 
: && /usr/bin/cc -DCHECK_FUNCTION_EXISTS=pthread_create  CMakeFiles/cmTC_53237.dir/CheckFunctionExists.c.o -o cmTC_53237  -lpthreads  -lm && :
/usr/bin/ld: 找不到 -lpthreads
collect2: error: ld returned 1 exit status
ninja: build stopped: subcommand failed.



Determining if the function setupterm exists in the terminfo failed with the following output:
Change Dir: /home/yuaii/ollvm/llvm-project-9.0.1/llvm/cmake-build-release/CMakeFiles/CMakeTmp

Run Build Command(s):/home/yuaii/clion-2022.2.4/bin/ninja/linux/ninja cmTC_56e03 && [1/2] Building C object CMakeFiles/cmTC_56e03.dir/CheckFunctionExists.c.o
[2/2] Linking C executable cmTC_56e03
FAILED: cmTC_56e03 
: && /usr/bin/cc -DCHECK_FUNCTION_EXISTS=setupterm  CMakeFiles/cmTC_56e03.dir/CheckFunctionExists.c.o -o cmTC_56e03  -lterminfo  -lm && :
/usr/bin/ld: 找不到 -lterminfo
collect2: error: ld returned 1 exit status
ninja: build stopped: subcommand failed.



Determining if the function setupterm exists in the tinfo failed with the following output:
Change Dir: /home/yuaii/ollvm/llvm-project-9.0.1/llvm/cmake-build-release/CMakeFiles/CMakeTmp

Run Build Command(s):/home/yuaii/clion-2022.2.4/bin/ninja/linux/ninja cmTC_42fd6 && [1/2] Building C object CMakeFiles/cmTC_42fd6.dir/CheckFunctionExists.c.o
[2/2] Linking C executable cmTC_42fd6
FAILED: cmTC_42fd6 
: && /usr/bin/cc -DCHECK_FUNCTION_EXISTS=setupterm  CMakeFiles/cmTC_42fd6.dir/CheckFunctionExists.c.o -o cmTC_42fd6  -ltinfo  -lm && :
/usr/bin/ld: 找不到 -ltinfo
collect2: error: ld returned 1 exit status
ninja: build stopped: subcommand failed.



Determining if the function setupterm exists in the curses failed with the following output:
Change Dir: /home/yuaii/ollvm/llvm-project-9.0.1/llvm/cmake-build-release/CMakeFiles/CMakeTmp

Run Build Command(s):/home/yuaii/clion-2022.2.4/bin/ninja/linux/ninja cmTC_9c923 && [1/2] Building C object CMakeFiles/cmTC_9c923.dir/CheckFunctionExists.c.o
[2/2] Linking C executable cmTC_9c923
FAILED: cmTC_9c923 
: && /usr/bin/cc -DCHECK_FUNCTION_EXISTS=setupterm  CMakeFiles/cmTC_9c923.dir/CheckFunctionExists.c.o -o cmTC_9c923  -lcurses  -lm && :
/usr/bin/ld: 找不到 -lcurses
collect2: error: ld returned 1 exit status
ninja: build stopped: subcommand failed.



Determining if the function setupterm exists in the ncurses failed with the following output:
Change Dir: /home/yuaii/ollvm/llvm-project-9.0.1/llvm/cmake-build-release/CMakeFiles/CMakeTmp

Run Build Command(s):/home/yuaii/clion-2022.2.4/bin/ninja/linux/ninja cmTC_e377a && [1/2] Building C object CMakeFiles/cmTC_e377a.dir/CheckFunctionExists.c.o
[2/2] Linking C executable cmTC_e377a
FAILED: cmTC_e377a 
: && /usr/bin/cc -DCHECK_FUNCTION_EXISTS=setupterm  CMakeFiles/cmTC_e377a.dir/CheckFunctionExists.c.o -o cmTC_e377a  -lncurses  -lm && :
/usr/bin/ld: 找不到 -lncurses
collect2: error: ld returned 1 exit status
ninja: build stopped: subcommand failed.



Determining if the function setupterm exists in the ncursesw failed with the following output:
Change Dir: /home/yuaii/ollvm/llvm-project-9.0.1/llvm/cmake-build-release/CMakeFiles/CMakeTmp

Run Build Command(s):/home/yuaii/clion-2022.2.4/bin/ninja/linux/ninja cmTC_cba4f && [1/2] Building C object CMakeFiles/cmTC_cba4f.dir/CheckFunctionExists.c.o
[2/2] Linking C executable cmTC_cba4f
FAILED: cmTC_cba4f 
: && /usr/bin/cc -DCHECK_FUNCTION_EXISTS=setupterm  CMakeFiles/cmTC_cba4f.dir/CheckFunctionExists.c.o -o cmTC_cba4f  -lncursesw  -lm && :
/usr/bin/ld: 找不到 -lncursesw
collect2: error: ld returned 1 exit status
ninja: build stopped: subcommand failed.



Determining if the function xar_open exists in the xar failed with the following output:
Change Dir: /home/yuaii/ollvm/llvm-project-9.0.1/llvm/cmake-build-release/CMakeFiles/CMakeTmp

Run Build Command(s):/home/yuaii/clion-2022.2.4/bin/ninja/linux/ninja cmTC_2ad2d && [1/2] Building C object CMakeFiles/cmTC_2ad2d.dir/CheckFunctionExists.c.o
[2/2] Linking C executable cmTC_2ad2d
FAILED: cmTC_2ad2d 
: && /usr/bin/cc -DCHECK_FUNCTION_EXISTS=xar_open  CMakeFiles/cmTC_2ad2d.dir/CheckFunctionExists.c.o -o cmTC_2ad2d  -lxar  -lm && :
/usr/bin/ld: 找不到 -lxar
collect2: error: ld returned 1 exit status
ninja: build stopped: subcommand failed.



Determining if the arc4random exist failed with the following output:
Change Dir: /home/yuaii/ollvm/llvm-project-9.0.1/llvm/cmake-build-release/CMakeFiles/CMakeTmp

Run Build Command(s):/home/yuaii/clion-2022.2.4/bin/ninja/linux/ninja cmTC_863cb && [1/2] Building C object CMakeFiles/cmTC_863cb.dir/CheckSymbolExists.c.o
FAILED: CMakeFiles/cmTC_863cb.dir/CheckSymbolExists.c.o 
/usr/bin/cc    -o CMakeFiles/cmTC_863cb.dir/CheckSymbolExists.c.o -c /home/yuaii/ollvm/llvm-project-9.0.1/llvm/cmake-build-release/CMakeFiles/CMakeTmp/CheckSymbolExists.c
/home/yuaii/ollvm/llvm-project-9.0.1/llvm/cmake-build-release/CMakeFiles/CMakeTmp/CheckSymbolExists.c: In function ‘main’:
/home/yuaii/ollvm/llvm-project-9.0.1/llvm/cmake-build-release/CMakeFiles/CMakeTmp/CheckSymbolExists.c:8:19: error: ‘arc4random’ undeclared (first use in this function); did you mean ‘srandom’?
    8 |   return ((int*)(&arc4random))[argc];
      |                   ^~~~~~~~~~
      |                   srandom
/home/yuaii/ollvm/llvm-project-9.0.1/llvm/cmake-build-release/CMakeFiles/CMakeTmp/CheckSymbolExists.c:8:19: note: each undeclared identifier is reported only once for each function it appears in
ninja: build stopped: subcommand failed.


File /home/yuaii/ollvm/llvm-project-9.0.1/llvm/cmake-build-release/CMakeFiles/CMakeTmp/CheckSymbolExists.c:
/* */
#include <stdlib.h>

int main(int argc, char** argv)
{
  (void)argv;
#ifndef arc4random
  return ((int*)(&arc4random))[argc];
#else
  (void)argc;
  return 0;
#endif
}
Performing C SOURCE FILE Test C_SUPPORTS_WERROR_UNGUARDED_AVAILABILITY_NEW failed with the following output:
Change Dir: /home/yuaii/ollvm/llvm-project-9.0.1/llvm/cmake-build-release/CMakeFiles/CMakeTmp

Run Build Command(s):/home/yuaii/clion-2022.2.4/bin/ninja/linux/ninja cmTC_915b9 && [1/2] Building C object CMakeFiles/cmTC_915b9.dir/src.c.o
FAILED: CMakeFiles/cmTC_915b9.dir/src.c.o 
/usr/bin/cc -DC_SUPPORTS_WERROR_UNGUARDED_AVAILABILITY_NEW  -Werror=unguarded-availability-new -o CMakeFiles/cmTC_915b9.dir/src.c.o -c /home/yuaii/ollvm/llvm-project-9.0.1/llvm/cmake-build-release/CMakeFiles/CMakeTmp/src.c
cc1: error: '-Werror=unguarded-availability-new': no option -Wunguarded-availability-new
ninja: build stopped: subcommand failed.


Source file was:
int main(void) { return 0; }
Determining if the mallctl exist failed with the following output:
Change Dir: /home/yuaii/ollvm/llvm-project-9.0.1/llvm/cmake-build-release/CMakeFiles/CMakeTmp

Run Build Command(s):/home/yuaii/clion-2022.2.4/bin/ninja/linux/ninja cmTC_63b82 && [1/2] Building C object CMakeFiles/cmTC_63b82.dir/CheckSymbolExists.c.o
FAILED: CMakeFiles/cmTC_63b82.dir/CheckSymbolExists.c.o 
/usr/bin/cc    -o CMakeFiles/cmTC_63b82.dir/CheckSymbolExists.c.o -c /home/yuaii/ollvm/llvm-project-9.0.1/llvm/cmake-build-release/CMakeFiles/CMakeTmp/CheckSymbolExists.c
/home/yuaii/ollvm/llvm-project-9.0.1/llvm/cmake-build-release/CMakeFiles/CMakeTmp/CheckSymbolExists.c:2:10: fatal error: malloc_np.h: 没有那个文件或目录
    2 | #include <malloc_np.h>
      |          ^~~~~~~~~~~~~
compilation terminated.
ninja: build stopped: subcommand failed.


File /home/yuaii/ollvm/llvm-project-9.0.1/llvm/cmake-build-release/CMakeFiles/CMakeTmp/CheckSymbolExists.c:
/* */
#include <malloc_np.h>

int main(int argc, char** argv)
{
  (void)argv;
#ifndef mallctl
  return ((int*)(&mallctl))[argc];
#else
  (void)argc;
  return 0;
#endif
}
Determining if the malloc_zone_statistics exist failed with the following output:
Change Dir: /home/yuaii/ollvm/llvm-project-9.0.1/llvm/cmake-build-release/CMakeFiles/CMakeTmp

Run Build Command(s):/home/yuaii/clion-2022.2.4/bin/ninja/linux/ninja cmTC_ab522 && [1/2] Building C object CMakeFiles/cmTC_ab522.dir/CheckSymbolExists.c.o
FAILED: CMakeFiles/cmTC_ab522.dir/CheckSymbolExists.c.o 
/usr/bin/cc    -o CMakeFiles/cmTC_ab522.dir/CheckSymbolExists.c.o -c /home/yuaii/ollvm/llvm-project-9.0.1/llvm/cmake-build-release/CMakeFiles/CMakeTmp/CheckSymbolExists.c
/home/yuaii/ollvm/llvm-project-9.0.1/llvm/cmake-build-release/CMakeFiles/CMakeTmp/CheckSymbolExists.c:2:10: fatal error: malloc/malloc.h: 没有那个文件或目录
    2 | #include <malloc/malloc.h>
      |          ^~~~~~~~~~~~~~~~~
compilation terminated.
ninja: build stopped: subcommand failed.


File /home/yuaii/ollvm/llvm-project-9.0.1/llvm/cmake-build-release/CMakeFiles/CMakeTmp/CheckSymbolExists.c:
/* */
#include <malloc/malloc.h>

int main(int argc, char** argv)
{
  (void)argv;
#ifndef malloc_zone_statistics
  return ((int*)(&malloc_zone_statistics))[argc];
#else
  (void)argc;
  return 0;
#endif
}
Determining if the strerror_s exist failed with the following output:
Change Dir: /home/yuaii/ollvm/llvm-project-9.0.1/llvm/cmake-build-release/CMakeFiles/CMakeTmp

Run Build Command(s):/home/yuaii/clion-2022.2.4/bin/ninja/linux/ninja cmTC_144fd && [1/2] Building C object CMakeFiles/cmTC_144fd.dir/CheckSymbolExists.c.o
FAILED: CMakeFiles/cmTC_144fd.dir/CheckSymbolExists.c.o 
/usr/bin/cc    -o CMakeFiles/cmTC_144fd.dir/CheckSymbolExists.c.o -c /home/yuaii/ollvm/llvm-project-9.0.1/llvm/cmake-build-release/CMakeFiles/CMakeTmp/CheckSymbolExists.c
/home/yuaii/ollvm/llvm-project-9.0.1/llvm/cmake-build-release/CMakeFiles/CMakeTmp/CheckSymbolExists.c: In function ‘main’:
/home/yuaii/ollvm/llvm-project-9.0.1/llvm/cmake-build-release/CMakeFiles/CMakeTmp/CheckSymbolExists.c:8:19: error: ‘strerror_s’ undeclared (first use in this function); did you mean ‘strerror_l’?
    8 |   return ((int*)(&strerror_s))[argc];
      |                   ^~~~~~~~~~
      |                   strerror_l
/home/yuaii/ollvm/llvm-project-9.0.1/llvm/cmake-build-release/CMakeFiles/CMakeTmp/CheckSymbolExists.c:8:19: note: each undeclared identifier is reported only once for each function it appears in
ninja: build stopped: subcommand failed.


File /home/yuaii/ollvm/llvm-project-9.0.1/llvm/cmake-build-release/CMakeFiles/CMakeTmp/CheckSymbolExists.c:
/* */
#include <string.h>

int main(int argc, char** argv)
{
  (void)argv;
#ifndef strerror_s
  return ((int*)(&strerror_s))[argc];
#else
  (void)argc;
  return 0;
#endif
}
Determining if the dladdr exist failed with the following output:
Change Dir: /home/yuaii/ollvm/llvm-project-9.0.1/llvm/cmake-build-release/CMakeFiles/CMakeTmp

Run Build Command(s):/home/yuaii/clion-2022.2.4/bin/ninja/linux/ninja cmTC_02e06 && [1/2] Building C object CMakeFiles/cmTC_02e06.dir/CheckSymbolExists.c.o
FAILED: CMakeFiles/cmTC_02e06.dir/CheckSymbolExists.c.o 
/usr/bin/cc    -o CMakeFiles/cmTC_02e06.dir/CheckSymbolExists.c.o -c /home/yuaii/ollvm/llvm-project-9.0.1/llvm/cmake-build-release/CMakeFiles/CMakeTmp/CheckSymbolExists.c
/home/yuaii/ollvm/llvm-project-9.0.1/llvm/cmake-build-release/CMakeFiles/CMakeTmp/CheckSymbolExists.c: In function ‘main’:
/home/yuaii/ollvm/llvm-project-9.0.1/llvm/cmake-build-release/CMakeFiles/CMakeTmp/CheckSymbolExists.c:8:19: error: ‘dladdr’ undeclared (first use in this function)
    8 |   return ((int*)(&dladdr))[argc];
      |                   ^~~~~~
/home/yuaii/ollvm/llvm-project-9.0.1/llvm/cmake-build-release/CMakeFiles/CMakeTmp/CheckSymbolExists.c:8:19: note: each undeclared identifier is reported only once for each function it appears in
ninja: build stopped: subcommand failed.


File /home/yuaii/ollvm/llvm-project-9.0.1/llvm/cmake-build-release/CMakeFiles/CMakeTmp/CheckSymbolExists.c:
/* */
#include <dlfcn.h>

int main(int argc, char** argv)
{
  (void)argv;
#ifndef dladdr
  return ((int*)(&dladdr))[argc];
#else
  (void)argc;
  return 0;
#endif
}
Performing C SOURCE FILE Test HAVE_STRUCT_STAT_ST_MTIMESPEC_TV_NSEC failed with the following output:
Change Dir: /home/yuaii/ollvm/llvm-project-9.0.1/llvm/cmake-build-release/CMakeFiles/CMakeTmp

Run Build Command(s):/home/yuaii/clion-2022.2.4/bin/ninja/linux/ninja cmTC_fd250 && [1/2] Building C object CMakeFiles/cmTC_fd250.dir/src.c.o
FAILED: CMakeFiles/cmTC_fd250.dir/src.c.o 
/usr/bin/cc -DHAVE_STRUCT_STAT_ST_MTIMESPEC_TV_NSEC   -o CMakeFiles/cmTC_fd250.dir/src.c.o -c /home/yuaii/ollvm/llvm-project-9.0.1/llvm/cmake-build-release/CMakeFiles/CMakeTmp/src.c
/home/yuaii/ollvm/llvm-project-9.0.1/llvm/cmake-build-release/CMakeFiles/CMakeTmp/src.c: In function ‘main’:
/home/yuaii/ollvm/llvm-project-9.0.1/llvm/cmake-build-release/CMakeFiles/CMakeTmp/src.c:7:34: error: ‘struct stat’ has no member named ‘st_mtimespec’
    7 |   (void)sizeof(((struct stat *)0)->st_mtimespec.tv_nsec);
      |                                  ^~
ninja: build stopped: subcommand failed.


Source file was:

#include <sys/types.h>
#include <sys/stat.h>

int main()
{
  (void)sizeof(((struct stat *)0)->st_mtimespec.tv_nsec);
  return 0;
}

Performing C++ SOURCE FILE Test SUPPORTS_GNU_ZERO_VARIADIC_MACRO_ARGUMENTS_FLAG failed with the following output:
Change Dir: /home/yuaii/ollvm/llvm-project-9.0.1/llvm/cmake-build-release/CMakeFiles/CMakeTmp

Run Build Command(s):/home/yuaii/clion-2022.2.4/bin/ninja/linux/ninja cmTC_ebcca && [1/2] Building CXX object CMakeFiles/cmTC_ebcca.dir/src.cxx.o
FAILED: CMakeFiles/cmTC_ebcca.dir/src.cxx.o 
/usr/bin/c++ -DSUPPORTS_GNU_ZERO_VARIADIC_MACRO_ARGUMENTS_FLAG  -Wgnu-zero-variadic-macro-arguments -o CMakeFiles/cmTC_ebcca.dir/src.cxx.o -c /home/yuaii/ollvm/llvm-project-9.0.1/llvm/cmake-build-release/CMakeFiles/CMakeTmp/src.cxx
c++: error: unrecognized command line option '-Wgnu-zero-variadic-macro-arguments'
ninja: build stopped: subcommand failed.


Source file was:
int main() { return 0; }
Performing C++ SOURCE FILE Test CXX_SUPPORTS_WERROR_UNGUARDED_AVAILABILITY_NEW failed with the following output:
Change Dir: /home/yuaii/ollvm/llvm-project-9.0.1/llvm/cmake-build-release/CMakeFiles/CMakeTmp

Run Build Command(s):/home/yuaii/clion-2022.2.4/bin/ninja/linux/ninja cmTC_a9618 && [1/2] Building CXX object CMakeFiles/cmTC_a9618.dir/src.cxx.o
FAILED: CMakeFiles/cmTC_a9618.dir/src.cxx.o 
/usr/bin/c++ -DCXX_SUPPORTS_WERROR_UNGUARDED_AVAILABILITY_NEW  -fPIC -fvisibility-inlines-hidden -Werror=date-time    -Werror -Werror=unguarded-availability-new -o CMakeFiles/cmTC_a9618.dir/src.cxx.o -c /home/yuaii/ollvm/llvm-project-9.0.1/llvm/cmake-build-release/CMakeFiles/CMakeTmp/src.cxx
cc1plus: error: '-Werror=unguarded-availability-new': no option -Wunguarded-availability-new
ninja: build stopped: subcommand failed.


Source file was:
int main() { return 0; }
Performing C SOURCE FILE Test C_SUPPORTS_COVERED_SWITCH_DEFAULT_FLAG failed with the following output:
Change Dir: /home/yuaii/ollvm/llvm-project-9.0.1/llvm/cmake-build-release/CMakeFiles/CMakeTmp

Run Build Command(s):/home/yuaii/clion-2022.2.4/bin/ninja/linux/ninja cmTC_03535 && [1/2] Building C object CMakeFiles/cmTC_03535.dir/src.c.o
FAILED: CMakeFiles/cmTC_03535.dir/src.c.o 
/usr/bin/cc -DC_SUPPORTS_COVERED_SWITCH_DEFAULT_FLAG  -fPIC -Werror=date-time -Wall -Wextra -Wno-unused-parameter -Wwrite-strings -Wno-missing-field-initializers -pedantic -Wno-long-long -Wimplicit-fallthrough    -Werror -Wcovered-switch-default -o CMakeFiles/cmTC_03535.dir/src.c.o -c /home/yuaii/ollvm/llvm-project-9.0.1/llvm/cmake-build-release/CMakeFiles/CMakeTmp/src.c
cc: error: unrecognized command line option '-Wcovered-switch-default'; did you mean '-Wno-switch-default'?
ninja: build stopped: subcommand failed.


Source file was:
int main(void) { return 0; }
Performing C++ SOURCE FILE Test CXX_SUPPORTS_COVERED_SWITCH_DEFAULT_FLAG failed with the following output:
Change Dir: /home/yuaii/ollvm/llvm-project-9.0.1/llvm/cmake-build-release/CMakeFiles/CMakeTmp

Run Build Command(s):/home/yuaii/clion-2022.2.4/bin/ninja/linux/ninja cmTC_2cb92 && [1/2] Building CXX object CMakeFiles/cmTC_2cb92.dir/src.cxx.o
FAILED: CMakeFiles/cmTC_2cb92.dir/src.cxx.o 
/usr/bin/c++ -DCXX_SUPPORTS_COVERED_SWITCH_DEFAULT_FLAG  -fPIC -fvisibility-inlines-hidden -Werror=date-time -std=c++11 -Wall -Wextra -Wno-unused-parameter -Wwrite-strings -Wcast-qual -Wno-missing-field-initializers -pedantic -Wno-long-long -Wimplicit-fallthrough    -Werror -Wcovered-switch-default -o CMakeFiles/cmTC_2cb92.dir/src.cxx.o -c /home/yuaii/ollvm/llvm-project-9.0.1/llvm/cmake-build-release/CMakeFiles/CMakeTmp/src.cxx
c++: error: unrecognized command line option '-Wcovered-switch-default'; did you mean '-Wno-switch-default'?
ninja: build stopped: subcommand failed.


Source file was:
int main() { return 0; }
Performing C SOURCE FILE Test C_SUPPORTS_DELETE_NON_VIRTUAL_DTOR_FLAG failed with the following output:
Change Dir: /home/yuaii/ollvm/llvm-project-9.0.1/llvm/cmake-build-release/CMakeFiles/CMakeTmp

Run Build Command(s):/home/yuaii/clion-2022.2.4/bin/ninja/linux/ninja cmTC_2388e && [1/2] Building C object CMakeFiles/cmTC_2388e.dir/src.c.o
FAILED: CMakeFiles/cmTC_2388e.dir/src.c.o 
/usr/bin/cc -DC_SUPPORTS_DELETE_NON_VIRTUAL_DTOR_FLAG  -fPIC -Werror=date-time -Wall -Wextra -Wno-unused-parameter -Wwrite-strings -Wno-missing-field-initializers -pedantic -Wno-long-long -Wimplicit-fallthrough    -Werror -Wdelete-non-virtual-dtor -o CMakeFiles/cmTC_2388e.dir/src.c.o -c /home/yuaii/ollvm/llvm-project-9.0.1/llvm/cmake-build-release/CMakeFiles/CMakeTmp/src.c
cc1: error: command line option '-Wdelete-non-virtual-dtor' is valid for C++/ObjC++ but not for C [-Werror]
cc1: all warnings being treated as errors
ninja: build stopped: subcommand failed.


Source file was:
int main(void) { return 0; }
Performing C SOURCE FILE Test C_WCOMMENT_ALLOWS_LINE_WRAP failed with the following output:
Change Dir: /home/yuaii/ollvm/llvm-project-9.0.1/llvm/cmake-build-release/CMakeFiles/CMakeTmp

Run Build Command(s):/home/yuaii/clion-2022.2.4/bin/ninja/linux/ninja cmTC_0877b && [1/2] Building C object CMakeFiles/cmTC_0877b.dir/src.c.o
FAILED: CMakeFiles/cmTC_0877b.dir/src.c.o 
/usr/bin/cc -DC_WCOMMENT_ALLOWS_LINE_WRAP -D_GNU_SOURCE  -fPIC -Werror=date-time -Wall -Wextra -Wno-unused-parameter -Wwrite-strings -Wno-missing-field-initializers -pedantic -Wno-long-long -Wimplicit-fallthrough  -Werror -Wcomment -o CMakeFiles/cmTC_0877b.dir/src.c.o -c /home/yuaii/ollvm/llvm-project-9.0.1/llvm/cmake-build-release/CMakeFiles/CMakeTmp/src.c
/home/yuaii/ollvm/llvm-project-9.0.1/llvm/cmake-build-release/CMakeFiles/CMakeTmp/src.c:1:1: error: multi-line comment [-Werror=comment]
    1 | // \
      | ^
cc1: all warnings being treated as errors
ninja: build stopped: subcommand failed.


Source file was:
// \
//
int main() {return 0;}
Performing C SOURCE FILE Test C_SUPPORTS_STRING_CONVERSION_FLAG failed with the following output:
Change Dir: /home/yuaii/ollvm/llvm-project-9.0.1/llvm/cmake-build-release/CMakeFiles/CMakeTmp

Run Build Command(s):/home/yuaii/clion-2022.2.4/bin/ninja/linux/ninja cmTC_e4a6e && [1/2] Building C object CMakeFiles/cmTC_e4a6e.dir/src.c.o
FAILED: CMakeFiles/cmTC_e4a6e.dir/src.c.o 
/usr/bin/cc -DC_SUPPORTS_STRING_CONVERSION_FLAG  -fPIC -Werror=date-time -Wall -Wextra -Wno-unused-parameter -Wwrite-strings -Wno-missing-field-initializers -pedantic -Wno-long-long -Wimplicit-fallthrough -Wno-comment    -Werror -Wstring-conversion -o CMakeFiles/cmTC_e4a6e.dir/src.c.o -c /home/yuaii/ollvm/llvm-project-9.0.1/llvm/cmake-build-release/CMakeFiles/CMakeTmp/src.c
cc: error: unrecognized command line option '-Wstring-conversion'; did you mean '-Wsign-conversion'?
ninja: build stopped: subcommand failed.


Source file was:
int main(void) { return 0; }
Performing C++ SOURCE FILE Test CXX_SUPPORTS_STRING_CONVERSION_FLAG failed with the following output:
Change Dir: /home/yuaii/ollvm/llvm-project-9.0.1/llvm/cmake-build-release/CMakeFiles/CMakeTmp

Run Build Command(s):/home/yuaii/clion-2022.2.4/bin/ninja/linux/ninja cmTC_165a7 && [1/2] Building CXX object CMakeFiles/cmTC_165a7.dir/src.cxx.o
FAILED: CMakeFiles/cmTC_165a7.dir/src.cxx.o 
/usr/bin/c++ -DCXX_SUPPORTS_STRING_CONVERSION_FLAG  -fPIC -fvisibility-inlines-hidden -Werror=date-time -std=c++11 -Wall -Wextra -Wno-unused-parameter -Wwrite-strings -Wcast-qual -Wno-missing-field-initializers -pedantic -Wno-long-long -Wimplicit-fallthrough -Wno-maybe-uninitialized -Wno-class-memaccess -Wno-noexcept-type -Wdelete-non-virtual-dtor -Wno-comment    -Werror -Wstring-conversion -o CMakeFiles/cmTC_165a7.dir/src.cxx.o -c /home/yuaii/ollvm/llvm-project-9.0.1/llvm/cmake-build-release/CMakeFiles/CMakeTmp/src.cxx
c++: error: unrecognized command line option '-Wstring-conversion'; did you mean '-Wsign-conversion'?
ninja: build stopped: subcommand failed.


Source file was:
int main() { return 0; }
Performing C++ SOURCE FILE Test LINKER_SUPPORTS_COLOR_DIAGNOSTICS failed with the following output:
Change Dir: /home/yuaii/ollvm/llvm-project-9.0.1/llvm/cmake-build-release/CMakeFiles/CMakeTmp

Run Build Command(s):/home/yuaii/clion-2022.2.4/bin/ninja/linux/ninja cmTC_6e5f4 && [1/2] Building CXX object CMakeFiles/cmTC_6e5f4.dir/src.cxx.o
[2/2] Linking CXX executable cmTC_6e5f4
FAILED: cmTC_6e5f4 
: && /usr/bin/c++ -fPIC -fvisibility-inlines-hidden -Werror=date-time -std=c++11 -Wall -Wextra -Wno-unused-parameter -Wwrite-strings -Wcast-qual -Wno-missing-field-initializers -pedantic -Wno-long-long -Wimplicit-fallthrough -Wno-maybe-uninitialized -Wno-class-memaccess -Wno-noexcept-type -Wdelete-non-virtual-dtor -Wno-comment -fdiagnostics-color -Wl,--color-diagnostics CMakeFiles/cmTC_6e5f4.dir/src.cxx.o -o cmTC_6e5f4  -lm && :
/usr/bin/ld: unrecognized option '--color-diagnostics'
/usr/bin/ld: use the --help option for usage information
collect2: error: ld returned 1 exit status
ninja: build stopped: subcommand failed.


Source file was:
int main() { return 0; }
Determining if the os_signpost_interval_begin exist failed with the following output:
Change Dir: /home/yuaii/ollvm/llvm-project-9.0.1/llvm/cmake-build-release/CMakeFiles/CMakeTmp

Run Build Command(s):/home/yuaii/clion-2022.2.4/bin/ninja/linux/ninja cmTC_44d76 && [1/2] Building C object CMakeFiles/cmTC_44d76.dir/CheckSymbolExists.c.o
FAILED: CMakeFiles/cmTC_44d76.dir/CheckSymbolExists.c.o 
/usr/bin/cc -D_GNU_SOURCE  -fPIC -Wall -Wextra -Wno-unused-parameter -Wwrite-strings -Wno-missing-field-initializers -pedantic -Wno-long-long -Wimplicit-fallthrough -Wno-comment -fdiagnostics-color -ffunction-sections -fdata-sections -o CMakeFiles/cmTC_44d76.dir/CheckSymbolExists.c.o -c /home/yuaii/ollvm/llvm-project-9.0.1/llvm/cmake-build-release/CMakeFiles/CMakeTmp/CheckSymbolExists.c
/home/yuaii/ollvm/llvm-project-9.0.1/llvm/cmake-build-release/CMakeFiles/CMakeTmp/CheckSymbolExists.c:2:10: fatal error: os/signpost.h: 没有那个文件或目录
    2 | #include <os/signpost.h>
      |          ^~~~~~~~~~~~~~~
compilation terminated.
ninja: build stopped: subcommand failed.


File /home/yuaii/ollvm/llvm-project-9.0.1/llvm/cmake-build-release/CMakeFiles/CMakeTmp/CheckSymbolExists.c:
/* */
#include <os/signpost.h>

int main(int argc, char** argv)
{
  (void)argv;
#ifndef os_signpost_interval_begin
  return ((int*)(&os_signpost_interval_begin))[argc];
#else
  (void)argc;
  return 0;
#endif
}
Performing C++ SOURCE FILE Test CXX_SUPPORTS_NO_NESTED_ANON_TYPES_FLAG failed with the following output:
Change Dir: /home/yuaii/ollvm/llvm-project-9.0.1/llvm/cmake-build-release/CMakeFiles/CMakeTmp

Run Build Command(s):/home/yuaii/clion-2022.2.4/bin/ninja/linux/ninja cmTC_2a5ff && [1/2] Building CXX object CMakeFiles/cmTC_2a5ff.dir/src.cxx.o
FAILED: CMakeFiles/cmTC_2a5ff.dir/src.cxx.o 
/usr/bin/c++ -DCXX_SUPPORTS_NO_NESTED_ANON_TYPES_FLAG  -fPIC -fvisibility-inlines-hidden -Werror=date-time -std=c++11 -Wall -Wextra -Wno-unused-parameter -Wwrite-strings -Wcast-qual -Wno-missing-field-initializers -pedantic -Wno-long-long -Wimplicit-fallthrough -Wno-maybe-uninitialized -Wno-class-memaccess -Wno-noexcept-type -Wdelete-non-virtual-dtor -Wno-comment -fdiagnostics-color -ffunction-sections -fdata-sections -fno-common -Woverloaded-virtual -fno-strict-aliasing    -Werror -Wnested-anon-types -o CMakeFiles/cmTC_2a5ff.dir/src.cxx.o -c /home/yuaii/ollvm/llvm-project-9.0.1/llvm/cmake-build-release/CMakeFiles/CMakeTmp/src.cxx
c++: error: unrecognized command line option '-Wnested-anon-types'
ninja: build stopped: subcommand failed.


Source file was:
int main() { return 0; }
Performing C++ SOURCE FILE Test HAVE_CXX_FLAG_WSHORTEN_64_TO_32 failed with the following output:
Change Dir: /home/yuaii/ollvm/llvm-project-9.0.1/llvm/cmake-build-release/CMakeFiles/CMakeTmp

Run Build Command(s):/home/yuaii/clion-2022.2.4/bin/ninja/linux/ninja cmTC_27b19 && [1/2] Building CXX object CMakeFiles/cmTC_27b19.dir/src.cxx.o
FAILED: CMakeFiles/cmTC_27b19.dir/src.cxx.o 
/usr/bin/c++ -DHAVE_CXX_FLAG_WSHORTEN_64_TO_32  -fPIC -fvisibility-inlines-hidden -Werror=date-time -std=c++11 -Wall -Wextra -Wno-unused-parameter -Wwrite-strings -Wcast-qual -Wno-missing-field-initializers -pedantic -Wno-long-long -Wimplicit-fallthrough -Wno-maybe-uninitialized -Wno-class-memaccess -Wno-noexcept-type -Wdelete-non-virtual-dtor -Wno-comment -fdiagnostics-color -ffunction-sections -fdata-sections  -std=c++11  -Wall  -Wextra  -Wshadow  -pedantic  -pedantic-errors  -Wshorten-64-to-32   -Wshorten-64-to-32 -o CMakeFiles/cmTC_27b19.dir/src.cxx.o -c /home/yuaii/ollvm/llvm-project-9.0.1/llvm/cmake-build-release/CMakeFiles/CMakeTmp/src.cxx
c++: error: unrecognized command line option '-Wshorten-64-to-32'
c++: error: unrecognized command line option '-Wshorten-64-to-32'
ninja: build stopped: subcommand failed.


Source file was:
int main() { return 0; }
Performing C++ SOURCE FILE Test HAVE_CXX_FLAG_WD654 failed with the following output:
Change Dir: /home/yuaii/ollvm/llvm-project-9.0.1/llvm/cmake-build-release/CMakeFiles/CMakeTmp

Run Build Command(s):/home/yuaii/clion-2022.2.4/bin/ninja/linux/ninja cmTC_63abf && [1/2] Building CXX object CMakeFiles/cmTC_63abf.dir/src.cxx.o
FAILED: CMakeFiles/cmTC_63abf.dir/src.cxx.o 
/usr/bin/c++ -DHAVE_CXX_FLAG_WD654  -fPIC -fvisibility-inlines-hidden -Werror=date-time -std=c++11 -Wall -Wextra -Wno-unused-parameter -Wwrite-strings -Wcast-qual -Wno-missing-field-initializers -pedantic -Wno-long-long -Wimplicit-fallthrough -Wno-maybe-uninitialized -Wno-class-memaccess -Wno-noexcept-type -Wdelete-non-virtual-dtor -Wno-comment -fdiagnostics-color -ffunction-sections -fdata-sections  -std=c++11  -Wall  -Wextra  -Wshadow  -pedantic  -pedantic-errors  -Wfloat-equal  -fstrict-aliasing  -fno-exceptions  -Wstrict-aliasing  -wd654   -wd654 -o CMakeFiles/cmTC_63abf.dir/src.cxx.o -c /home/yuaii/ollvm/llvm-project-9.0.1/llvm/cmake-build-release/CMakeFiles/CMakeTmp/src.cxx
c++: error: unrecognized command line option '-wd654'
c++: error: unrecognized command line option '-wd654'
ninja: build stopped: subcommand failed.


Source file was:
int main() { return 0; }
Performing C++ SOURCE FILE Test HAVE_CXX_FLAG_WTHREAD_SAFETY failed with the following output:
Change Dir: /home/yuaii/ollvm/llvm-project-9.0.1/llvm/cmake-build-release/CMakeFiles/CMakeTmp

Run Build Command(s):/home/yuaii/clion-2022.2.4/bin/ninja/linux/ninja cmTC_5f91a && [1/2] Building CXX object CMakeFiles/cmTC_5f91a.dir/src.cxx.o
FAILED: CMakeFiles/cmTC_5f91a.dir/src.cxx.o 
/usr/bin/c++ -DHAVE_CXX_FLAG_WTHREAD_SAFETY  -fPIC -fvisibility-inlines-hidden -Werror=date-time -std=c++11 -Wall -Wextra -Wno-unused-parameter -Wwrite-strings -Wcast-qual -Wno-missing-field-initializers -pedantic -Wno-long-long -Wimplicit-fallthrough -Wno-maybe-uninitialized -Wno-class-memaccess -Wno-noexcept-type -Wdelete-non-virtual-dtor -Wno-comment -fdiagnostics-color -ffunction-sections -fdata-sections  -std=c++11  -Wall  -Wextra  -Wshadow  -pedantic  -pedantic-errors  -Wfloat-equal  -fstrict-aliasing  -fno-exceptions  -Wstrict-aliasing  -Wthread-safety   -Wthread-safety -o CMakeFiles/cmTC_5f91a.dir/src.cxx.o -c /home/yuaii/ollvm/llvm-project-9.0.1/llvm/cmake-build-release/CMakeFiles/CMakeTmp/src.cxx
c++: error: unrecognized command line option '-Wthread-safety'
c++: error: unrecognized command line option '-Wthread-safety'
ninja: build stopped: subcommand failed.


Source file was:
int main() { return 0; }
